<?xml version="1.0" encoding="UTF-8"?>
<testsuites name="Register" time="234.592" tests="2" failures="0" errors="0">
   <testsuite name="Register" tests="2" failures="0" errors="0" time="234.592" skipped="0" timestamp="14-02-2024T13:40:29" hostname="LENOVO - DESKTOP-SKHBD1C" id="Test Suites/Register">
      <properties>
         <property name="deviceName" value="emulator-5554 (Android SDK built for x86 - Android 7.0)"/>
         <property name="devicePlatform" value=""/>
         <property name="logFolder" value="C:\\Users\\LENOVO\\git\\katalon-finalmobile-Zahwa-Aqila-Nabilia-S\\Reports\\20240214_133611\\Register\\20240214_133617"/>
         <property name="logFiles" value="C:\\Users\\LENOVO\\git\\katalon-finalmobile-Zahwa-Aqila-Nabilia-S\\Reports\\20240214_133611\\Register\\20240214_133617\\appium.log, C:\\Users\\LENOVO\\git\\katalon-finalmobile-Zahwa-Aqila-Nabilia-S\\Reports\\20240214_133611\\Register\\20240214_133617\\appium_error.log, C:\\Users\\LENOVO\\git\\katalon-finalmobile-Zahwa-Aqila-Nabilia-S\\Reports\\20240214_133611\\Register\\20240214_133617\\execution0.log"/>
         <property name="attachments" value=""/>
         <property name="hostName" value="LENOVO - DESKTOP-SKHBD1C"/>
         <property name="os" value="Windows 11 64bit"/>
         <property name="appiumServerStatus" value="{&quot;value&quot;:{&quot;ready&quot;:true,&quot;message&quot;:&quot;The server is ready to accept new connections&quot;,&quot;build&quot;:{&quot;version&quot;:&quot;2.5.0&quot;}}}"/>
         <property name="katalonVersion" value="9.2.0.212"/>
         <property name="deviceOS" value="Android"/>
         <property name="appiumVersion" value="2.5.0"/>
         <property name="deviceModel" value="Android SDK built for x86"/>
         <property name="hostAddress" value="10.0.0.122"/>
         <property name="deviceManufacturer" value="Google"/>
         <property name="deviceId" value="emulator-5554"/>
         <property name="deviceName" value="emulator-5554 (Android SDK built for x86 - Android 7.0)"/>
         <property name="deviceOSVersion" value="7.0"/>
      </properties>
      <testcase name="Test Cases/Register/Register - Berhasil" time="128.053" classname="Test Cases/Register/Register - Berhasil" status="PASSED">
         <system-out><![CDATA[14-02-2024T13:40:29 - [TEST_CASE][PASSED] - Test Cases/Register/Register - Berhasil: Test Cases/Register/Register - Berhasil

14-02-2024T13:40:31 - [TEST_STEP][PASSED] - startApplication("C:\Users\LENOVO\Downloads\Advantage+demo+3.2.apk", true): Started app at: 'C:\Users\LENOVO\Downloads\Advantage+demo+3.2.apk'

14-02-2024T13:40:32 - [MESSAGE][INFO] - Detected NodeJS location: "C:\Program Files\nodejs\node.exe"

14-02-2024T13:41:14 - [MESSAGE][INFO] - PATH: C:\Program Files\nodejs;

14-02-2024T13:41:14 - [MESSAGE][INFO] - APPIUM_HOME: C:\Users\LENOVO\.appium

14-02-2024T13:41:14 - [MESSAGE][INFO] - appium outlog: C:\Users\LENOVO\git\katalon-finalmobile-Zahwa-Aqila-Nabilia-S\Reports\20240214_133611\Register\20240214_133617\appium.log

14-02-2024T13:41:14 - [MESSAGE][INFO] - appium errlog: C:\Users\LENOVO\git\katalon-finalmobile-Zahwa-Aqila-Nabilia-S\Reports\20240214_133611\Register\20240214_133617\appium_error.log

14-02-2024T13:41:22 - [MESSAGE][INFO] - Appium server started on port 53,747

14-02-2024T13:41:43 - [MESSAGE][PASSED] - Started app at: 'C:\Users\LENOVO\Downloads\Advantage+demo+3.2.apk'

14-02-2024T13:41:43 - [TEST_STEP][PASSED] - tap(findTestObject("Object Repository/Register/Register - Berhasil/android.widget.ImageView"), 0): Tapped on element 'Object Repository/Register/Register - Berhasil/android.widget.ImageView'

14-02-2024T13:41:44 - [MESSAGE][WARNING] - Timeout '0' is invalid. Using default page load timeout: '30'

14-02-2024T13:41:45 - [MESSAGE][PASSED] - Tapped on element 'Object Repository/Register/Register - Berhasil/android.widget.ImageView'

14-02-2024T13:41:45 - [TEST_STEP][PASSED] - tap(findTestObject("Object Repository/Register/Register - Berhasil/android.widget.LinearLayout"), 0): Tapped on element 'Object Repository/Register/Register - Berhasil/android.widget.LinearLayout'

14-02-2024T13:41:45 - [MESSAGE][WARNING] - Timeout '0' is invalid. Using default page load timeout: '30'

14-02-2024T13:41:46 - [MESSAGE][PASSED] - Tapped on element 'Object Repository/Register/Register - Berhasil/android.widget.LinearLayout'

14-02-2024T13:41:46 - [TEST_STEP][PASSED] - tap(findTestObject("Object Repository/Register/Register - Berhasil/android.widget.TextView - SIGN UP TODAY"), 0): Tapped on element 'Object Repository/Register/Register - Berhasil/android.widget.TextView - SIGN UP TODAY'

14-02-2024T13:41:47 - [MESSAGE][WARNING] - Timeout '0' is invalid. Using default page load timeout: '30'

14-02-2024T13:41:48 - [MESSAGE][PASSED] - Tapped on element 'Object Repository/Register/Register - Berhasil/android.widget.TextView - SIGN UP TODAY'

14-02-2024T13:41:48 - [TEST_STEP][PASSED] - tap(findTestObject("Object Repository/Register/Register - Berhasil/android.widget.EditText"), 0): Tapped on element 'Object Repository/Register/Register - Berhasil/android.widget.EditText'

14-02-2024T13:41:48 - [MESSAGE][WARNING] - Timeout '0' is invalid. Using default page load timeout: '30'

14-02-2024T13:41:50 - [MESSAGE][PASSED] - Tapped on element 'Object Repository/Register/Register - Berhasil/android.widget.EditText'

14-02-2024T13:41:50 - [TEST_STEP][PASSED] - setText(findTestObject("Register/Register - Berhasil/android.widget.TextView - USER NAME"), "Lilula", 0): Text 'Lilula' has been set to element 'Object Repository/Register/Register - Berhasil/android.widget.TextView - USER NAME'

14-02-2024T13:41:50 - [MESSAGE][WARNING] - Timeout '0' is invalid. Using default page load timeout: '30'

14-02-2024T13:41:52 - [MESSAGE][PASSED] - Text 'Lilula' has been set to element 'Object Repository/Register/Register - Berhasil/android.widget.TextView - USER NAME'

14-02-2024T13:41:52 - [TEST_STEP][PASSED] - tap(findTestObject("Object Repository/Register/Register - Berhasil/android.widget.EditText (1)"), 0): Tapped on element 'Object Repository/Register/Register - Berhasil/android.widget.EditText (1)'

14-02-2024T13:41:52 - [MESSAGE][WARNING] - Timeout '0' is invalid. Using default page load timeout: '30'

14-02-2024T13:41:53 - [MESSAGE][PASSED] - Tapped on element 'Object Repository/Register/Register - Berhasil/android.widget.EditText (1)'

14-02-2024T13:41:53 - [TEST_STEP][PASSED] - setText(findTestObject("Object Repository/Register/Register - Berhasil/android.widget.EditText (1)"), "lilu@gmail.com", 0): Text 'lilu@gmail.com' has been set to element 'Object Repository/Register/Register - Berhasil/android.widget.EditText (1)'

14-02-2024T13:41:53 - [MESSAGE][WARNING] - Timeout '0' is invalid. Using default page load timeout: '30'

14-02-2024T13:41:55 - [MESSAGE][PASSED] - Text 'lilu@gmail.com' has been set to element 'Object Repository/Register/Register - Berhasil/android.widget.EditText (1)'

14-02-2024T13:41:55 - [TEST_STEP][PASSED] - hideKeyboard(): Keyboard is hidden

14-02-2024T13:41:58 - [MESSAGE][PASSED] - Keyboard is hidden

14-02-2024T13:41:58 - [TEST_STEP][PASSED] - tap(findTestObject("Object Repository/Register/Register - Berhasil/android.widget.EditText (2)"), 0): Tapped on element 'Object Repository/Register/Register - Berhasil/android.widget.EditText (2)'

14-02-2024T13:41:58 - [MESSAGE][WARNING] - Timeout '0' is invalid. Using default page load timeout: '30'

14-02-2024T13:41:58 - [MESSAGE][PASSED] - Tapped on element 'Object Repository/Register/Register - Berhasil/android.widget.EditText (2)'

14-02-2024T13:41:58 - [TEST_STEP][PASSED] - setText(findTestObject("Object Repository/Register/Register - Berhasil/android.widget.EditText (2)"), "L@la1", 0): Text 'L@la1' has been set to element 'Object Repository/Register/Register - Berhasil/android.widget.EditText (2)'

14-02-2024T13:41:58 - [MESSAGE][WARNING] - Timeout '0' is invalid. Using default page load timeout: '30'

14-02-2024T13:42:01 - [MESSAGE][PASSED] - Text 'L@la1' has been set to element 'Object Repository/Register/Register - Berhasil/android.widget.EditText (2)'

14-02-2024T13:42:01 - [TEST_STEP][PASSED] - hideKeyboard(): Keyboard is hidden

14-02-2024T13:42:03 - [MESSAGE][PASSED] - Keyboard is hidden

14-02-2024T13:42:03 - [TEST_STEP][PASSED] - tap(findTestObject("Object Repository/Register/Register - Berhasil/android.widget.EditText (3)"), 0): Tapped on element 'Object Repository/Register/Register - Berhasil/android.widget.EditText (3)'

14-02-2024T13:42:03 - [MESSAGE][WARNING] - Timeout '0' is invalid. Using default page load timeout: '30'

14-02-2024T13:42:03 - [MESSAGE][PASSED] - Tapped on element 'Object Repository/Register/Register - Berhasil/android.widget.EditText (3)'

14-02-2024T13:42:03 - [TEST_STEP][PASSED] - hideKeyboard(): Keyboard is hidden

14-02-2024T13:42:06 - [MESSAGE][PASSED] - Keyboard is hidden

14-02-2024T13:42:06 - [TEST_STEP][PASSED] - setText(findTestObject("Object Repository/Register/Register - Berhasil/android.widget.EditText (3)"), "L@la1", 0): Text 'L@la1' has been set to element 'Object Repository/Register/Register - Berhasil/android.widget.EditText (3)'

14-02-2024T13:42:06 - [MESSAGE][WARNING] - Timeout '0' is invalid. Using default page load timeout: '30'

14-02-2024T13:42:08 - [MESSAGE][PASSED] - Text 'L@la1' has been set to element 'Object Repository/Register/Register - Berhasil/android.widget.EditText (3)'

14-02-2024T13:42:08 - [TEST_STEP][PASSED] - hideKeyboard(): Keyboard is hidden

14-02-2024T13:42:10 - [MESSAGE][PASSED] - Keyboard is hidden

14-02-2024T13:42:10 - [TEST_STEP][PASSED] - scrollToText("Receive exclusive offers and promotions"): Scrolling to text 'Receive exclusive offers and promotions' successfully

14-02-2024T13:42:16 - [MESSAGE][PASSED] - Scrolling to text 'Receive exclusive offers and promotions' successfully

14-02-2024T13:42:16 - [TEST_STEP][PASSED] - if (verifyElementChecked(findTestObject("Object Repository/Register/Register - Berhasil/android.widget.CheckBox - Receive exclusive offers and promotions"), 0) == false): Element 'Object Repository/Register/Register - Berhasil/android.widget.CheckBox - I agree to the Advantage.com Conditions' is checked

14-02-2024T13:42:16 - [MESSAGE][WARNING] - Timeout '0' is invalid. Using default page load timeout: '30'

14-02-2024T13:42:16 - [MESSAGE][PASSED] - Element 'Object Repository/Register/Register - Berhasil/android.widget.CheckBox - Receive exclusive offers and promotions' is checked

14-02-2024T13:42:16 - [MESSAGE][WARNING] - Timeout '0' is invalid. Using default page load timeout: '30'

14-02-2024T13:42:17 - [MESSAGE][PASSED] - Element 'Object Repository/Register/Register - Berhasil/android.widget.CheckBox - I agree to the Advantage.com Conditions' is checked

14-02-2024T13:42:17 - [TEST_STEP][PASSED] - else if (verifyElementChecked(findTestObject("Object Repository/Register/Register - Berhasil/android.widget.CheckBox - I agree to the Advantage.com Conditions"), 0) == false): null

14-02-2024T13:42:17 - [TEST_STEP][PASSED] - else: Tapped on element 'Object Repository/Register/Register - Berhasil/android.widget.Button - REGISTER'

14-02-2024T13:42:17 - [TEST_STEP][PASSED] - tap(findTestObject("Object Repository/Register/Register - Berhasil/android.widget.Button - REGISTER"), 0): Tapped on element 'Object Repository/Register/Register - Berhasil/android.widget.Button - REGISTER'

14-02-2024T13:42:17 - [MESSAGE][WARNING] - Timeout '0' is invalid. Using default page load timeout: '30'

14-02-2024T13:42:17 - [MESSAGE][PASSED] - Tapped on element 'Object Repository/Register/Register - Berhasil/android.widget.Button - REGISTER'

14-02-2024T13:42:17 - [TEST_STEP][PASSED] - timeout = 100: null

14-02-2024T13:42:17 - [TEST_STEP][PASSED] - driver = getDriver(): null

14-02-2024T13:42:17 - [TEST_STEP][PASSED] - toast = driver.findElementByXPath("//android.widget.Toast"): null

14-02-2024T13:42:18 - [TEST_STEP][PASSED] - for ([i = 0, i < timeout, (i++)]): null

14-02-2024T13:42:18 - [TEST_STEP][PASSED] - if (toast != null): Tapped on element 'Object Repository/Register/Register - Berhasil/android.widget.Button - REGISTER'

14-02-2024T13:42:18 - [TEST_STEP][PASSED] - scrollToText("USER NAME"): Scrolling to text 'USER NAME' successfully

14-02-2024T13:42:22 - [MESSAGE][PASSED] - Scrolling to text 'USER NAME' successfully

14-02-2024T13:42:22 - [TEST_STEP][PASSED] - setText(findTestObject("Register/Register - Berhasil/android.widget.TextView - USER NAME"), "" + i, 0): Text '0' has been set to element 'Object Repository/Register/Register - Berhasil/android.widget.TextView - USER NAME'

14-02-2024T13:42:22 - [MESSAGE][WARNING] - Timeout '0' is invalid. Using default page load timeout: '30'

14-02-2024T13:42:24 - [MESSAGE][PASSED] - Text '0' has been set to element 'Object Repository/Register/Register - Berhasil/android.widget.TextView - USER NAME'

14-02-2024T13:42:24 - [TEST_STEP][PASSED] - hideKeyboard(): Keyboard is hidden

14-02-2024T13:42:26 - [MESSAGE][PASSED] - Keyboard is hidden

14-02-2024T13:42:26 - [TEST_STEP][PASSED] - scrollToText("Receive exclusive offers and promotions"): Scrolling to text 'Receive exclusive offers and promotions' successfully

14-02-2024T13:42:31 - [MESSAGE][PASSED] - Scrolling to text 'Receive exclusive offers and promotions' successfully

14-02-2024T13:42:31 - [TEST_STEP][PASSED] - tap(findTestObject("Object Repository/Register/Register - Berhasil/android.widget.Button - REGISTER"), 0): Tapped on element 'Object Repository/Register/Register - Berhasil/android.widget.Button - REGISTER'

14-02-2024T13:42:31 - [MESSAGE][WARNING] - Timeout '0' is invalid. Using default page load timeout: '30'

14-02-2024T13:42:32 - [MESSAGE][PASSED] - Tapped on element 'Object Repository/Register/Register - Berhasil/android.widget.Button - REGISTER'

14-02-2024T13:42:32 - [TEST_STEP][PASSED] - timeout = 0: null

14-02-2024T13:42:32 - [TEST_STEP][PASSED] - closeApplication(): Close app successfully

14-02-2024T13:42:35 - [MESSAGE][PASSED] - Close app successfully

14-02-2024T13:42:37 - [TEST_STEP][PASSED] - Video: Video recording for test case 'Test Cases/Register/Register - Berhasil' .

14-02-2024T13:42:37 - [MESSAGE][INFO] - Video recording for test case 'Test Cases/Register/Register - Berhasil' .]]></system-out>
         <system-err><![CDATA[]]></system-err>
      </testcase>
      <testcase name="Test Cases/Register/Register - Username Already Exist" time="106.077" classname="Test Cases/Register/Register - Username Already Exist" status="PASSED">
         <system-out><![CDATA[14-02-2024T13:42:37 - [TEST_CASE][PASSED] - Test Cases/Register/Register - Username Already Exist: Test Cases/Register/Register - Username Already Exist

14-02-2024T13:42:37 - [TEST_STEP][PASSED] - startApplication("C:\Users\LENOVO\Downloads\Advantage+demo+3.2.apk", true): Started app at: 'C:\Users\LENOVO\Downloads\Advantage+demo+3.2.apk'

14-02-2024T13:42:38 - [MESSAGE][INFO] - Detected NodeJS location: "C:\Program Files\nodejs\node.exe"

14-02-2024T13:43:19 - [MESSAGE][INFO] - PATH: C:\Program Files\nodejs;

14-02-2024T13:43:19 - [MESSAGE][INFO] - APPIUM_HOME: C:\Users\LENOVO\.appium

14-02-2024T13:43:19 - [MESSAGE][INFO] - appium outlog: C:\Users\LENOVO\git\katalon-finalmobile-Zahwa-Aqila-Nabilia-S\Reports\20240214_133611\Register\20240214_133617\appium.log

14-02-2024T13:43:19 - [MESSAGE][INFO] - appium errlog: C:\Users\LENOVO\git\katalon-finalmobile-Zahwa-Aqila-Nabilia-S\Reports\20240214_133611\Register\20240214_133617\appium_error.log

14-02-2024T13:43:27 - [MESSAGE][INFO] - Appium server started on port 54,144

14-02-2024T13:43:43 - [MESSAGE][PASSED] - Started app at: 'C:\Users\LENOVO\Downloads\Advantage+demo+3.2.apk'

14-02-2024T13:43:43 - [TEST_STEP][PASSED] - tap(findTestObject("Object Repository/Register/Register - Username Already Exist/android.widget.ImageView"), 0): Tapped on element 'Object Repository/Register/Register - Username Already Exist/android.widget.ImageView'

14-02-2024T13:43:44 - [MESSAGE][WARNING] - Timeout '0' is invalid. Using default page load timeout: '30'

14-02-2024T13:43:46 - [MESSAGE][PASSED] - Tapped on element 'Object Repository/Register/Register - Username Already Exist/android.widget.ImageView'

14-02-2024T13:43:46 - [TEST_STEP][PASSED] - tap(findTestObject("Object Repository/Register/Register - Username Already Exist/android.widget.LinearLayout"), 0): Tapped on element 'Object Repository/Register/Register - Username Already Exist/android.widget.LinearLayout'

14-02-2024T13:43:46 - [MESSAGE][WARNING] - Timeout '0' is invalid. Using default page load timeout: '30'

14-02-2024T13:43:47 - [MESSAGE][PASSED] - Tapped on element 'Object Repository/Register/Register - Username Already Exist/android.widget.LinearLayout'

14-02-2024T13:43:47 - [TEST_STEP][PASSED] - tap(findTestObject("Object Repository/Register/Register - Username Already Exist/android.widget.TextView - SIGN UP TODAY"), 0): Tapped on element 'Object Repository/Register/Register - Username Already Exist/android.widget.TextView - SIGN UP TODAY'

14-02-2024T13:43:47 - [MESSAGE][WARNING] - Timeout '0' is invalid. Using default page load timeout: '30'

14-02-2024T13:43:49 - [MESSAGE][PASSED] - Tapped on element 'Object Repository/Register/Register - Username Already Exist/android.widget.TextView - SIGN UP TODAY'

14-02-2024T13:43:49 - [TEST_STEP][PASSED] - tap(findTestObject("Object Repository/Register/Register - Username Already Exist/android.widget.EditText"), 0): Tapped on element 'Object Repository/Register/Register - Username Already Exist/android.widget.EditText'

14-02-2024T13:43:49 - [MESSAGE][WARNING] - Timeout '0' is invalid. Using default page load timeout: '30'

14-02-2024T13:43:50 - [MESSAGE][PASSED] - Tapped on element 'Object Repository/Register/Register - Username Already Exist/android.widget.EditText'

14-02-2024T13:43:50 - [TEST_STEP][PASSED] - setText(findTestObject("Object Repository/Register/Register - Username Already Exist/android.widget.EditText"), "Lalayeye", 0): Text 'Lalayeye' has been set to element 'Object Repository/Register/Register - Username Already Exist/android.widget.EditText'

14-02-2024T13:43:50 - [MESSAGE][WARNING] - Timeout '0' is invalid. Using default page load timeout: '30'

14-02-2024T13:43:53 - [MESSAGE][PASSED] - Text 'Lalayeye' has been set to element 'Object Repository/Register/Register - Username Already Exist/android.widget.EditText'

14-02-2024T13:43:53 - [TEST_STEP][PASSED] - tap(findTestObject("Object Repository/Register/Register - Username Already Exist/android.widget.EditText (1)"), 0): Tapped on element 'Object Repository/Register/Register - Username Already Exist/android.widget.EditText (1)'

14-02-2024T13:43:53 - [MESSAGE][WARNING] - Timeout '0' is invalid. Using default page load timeout: '30'

14-02-2024T13:43:54 - [MESSAGE][PASSED] - Tapped on element 'Object Repository/Register/Register - Username Already Exist/android.widget.EditText (1)'

14-02-2024T13:43:54 - [TEST_STEP][PASSED] - setText(findTestObject("Object Repository/Register/Register - Username Already Exist/android.widget.EditText (1)"), "lalayeye@gmail.com", 0): Text 'lalayeye@gmail.com' has been set to element 'Object Repository/Register/Register - Username Already Exist/android.widget.EditText (1)'

14-02-2024T13:43:54 - [MESSAGE][WARNING] - Timeout '0' is invalid. Using default page load timeout: '30'

14-02-2024T13:43:56 - [MESSAGE][PASSED] - Text 'lalayeye@gmail.com' has been set to element 'Object Repository/Register/Register - Username Already Exist/android.widget.EditText (1)'

14-02-2024T13:43:56 - [TEST_STEP][PASSED] - hideKeyboard(): Keyboard is hidden

14-02-2024T13:43:58 - [MESSAGE][PASSED] - Keyboard is hidden

14-02-2024T13:43:58 - [TEST_STEP][PASSED] - setText(findTestObject("Object Repository/Register/Register - Username Already Exist/android.widget.EditText (2)"), "L@la1", 0): Text 'L@la1' has been set to element 'Object Repository/Register/Register - Username Already Exist/android.widget.EditText (2)'

14-02-2024T13:43:58 - [MESSAGE][WARNING] - Timeout '0' is invalid. Using default page load timeout: '30'

14-02-2024T13:44:00 - [MESSAGE][PASSED] - Text 'L@la1' has been set to element 'Object Repository/Register/Register - Username Already Exist/android.widget.EditText (2)'

14-02-2024T13:44:00 - [TEST_STEP][PASSED] - hideKeyboard(): Keyboard is hidden

14-02-2024T13:44:02 - [MESSAGE][PASSED] - Keyboard is hidden

14-02-2024T13:44:02 - [TEST_STEP][PASSED] - tap(findTestObject("Object Repository/Register/Register - Username Already Exist/android.widget.EditText (3)"), 0): Tapped on element 'Object Repository/Register/Register - Username Already Exist/android.widget.EditText (3)'

14-02-2024T13:44:02 - [MESSAGE][WARNING] - Timeout '0' is invalid. Using default page load timeout: '30'

14-02-2024T13:44:03 - [MESSAGE][PASSED] - Tapped on element 'Object Repository/Register/Register - Username Already Exist/android.widget.EditText (3)'

14-02-2024T13:44:03 - [TEST_STEP][PASSED] - hideKeyboard(): Keyboard is hidden

14-02-2024T13:44:05 - [MESSAGE][PASSED] - Keyboard is hidden

14-02-2024T13:44:05 - [TEST_STEP][PASSED] - setText(findTestObject("Object Repository/Register/Register - Username Already Exist/android.widget.EditText (3)"), "L@la1", 0): Text 'L@la1' has been set to element 'Object Repository/Register/Register - Username Already Exist/android.widget.EditText (3)'

14-02-2024T13:44:05 - [MESSAGE][WARNING] - Timeout '0' is invalid. Using default page load timeout: '30'

14-02-2024T13:44:07 - [MESSAGE][PASSED] - Text 'L@la1' has been set to element 'Object Repository/Register/Register - Username Already Exist/android.widget.EditText (3)'

14-02-2024T13:44:07 - [TEST_STEP][PASSED] - hideKeyboard(): Keyboard is hidden

14-02-2024T13:44:09 - [MESSAGE][PASSED] - Keyboard is hidden

14-02-2024T13:44:09 - [TEST_STEP][PASSED] - scrollToText("Receive exclusive offers and promotions"): Scrolling to text 'Receive exclusive offers and promotions' successfully

14-02-2024T13:44:15 - [MESSAGE][PASSED] - Scrolling to text 'Receive exclusive offers and promotions' successfully

14-02-2024T13:44:15 - [TEST_STEP][PASSED] - if (verifyElementChecked(findTestObject("Object Repository/Register/Register - Berhasil/android.widget.CheckBox - Receive exclusive offers and promotions"), 0) == false): Element 'Object Repository/Register/Register - Berhasil/android.widget.CheckBox - I agree to the Advantage.com Conditions' is checked

14-02-2024T13:44:15 - [MESSAGE][WARNING] - Timeout '0' is invalid. Using default page load timeout: '30'

14-02-2024T13:44:15 - [MESSAGE][PASSED] - Element 'Object Repository/Register/Register - Berhasil/android.widget.CheckBox - Receive exclusive offers and promotions' is checked

14-02-2024T13:44:15 - [MESSAGE][WARNING] - Timeout '0' is invalid. Using default page load timeout: '30'

14-02-2024T13:44:16 - [MESSAGE][PASSED] - Element 'Object Repository/Register/Register - Berhasil/android.widget.CheckBox - I agree to the Advantage.com Conditions' is checked

14-02-2024T13:44:16 - [TEST_STEP][PASSED] - else if (verifyElementChecked(findTestObject("Object Repository/Register/Register - Berhasil/android.widget.CheckBox - I agree to the Advantage.com Conditions"), 0) == false): null

14-02-2024T13:44:16 - [TEST_STEP][PASSED] - else: Tapped on element 'Object Repository/Register/Register - Berhasil/android.widget.Button - REGISTER'

14-02-2024T13:44:16 - [TEST_STEP][PASSED] - tap(findTestObject("Object Repository/Register/Register - Berhasil/android.widget.Button - REGISTER"), 0): Tapped on element 'Object Repository/Register/Register - Berhasil/android.widget.Button - REGISTER'

14-02-2024T13:44:16 - [MESSAGE][WARNING] - Timeout '0' is invalid. Using default page load timeout: '30'

14-02-2024T13:44:16 - [MESSAGE][PASSED] - Tapped on element 'Object Repository/Register/Register - Berhasil/android.widget.Button - REGISTER'

14-02-2024T13:44:16 - [TEST_STEP][PASSED] - tap(findTestObject("Object Repository/Register/Register - Username Already Exist/android.widget.Button - REGISTER"), 0): Tapped on element 'Object Repository/Register/Register - Username Already Exist/android.widget.Button - REGISTER'

14-02-2024T13:44:16 - [MESSAGE][WARNING] - Timeout '0' is invalid. Using default page load timeout: '30'

14-02-2024T13:44:18 - [MESSAGE][PASSED] - Tapped on element 'Object Repository/Register/Register - Username Already Exist/android.widget.Button - REGISTER'

14-02-2024T13:44:18 - [TEST_STEP][PASSED] - closeApplication(): Close app successfully

14-02-2024T13:44:21 - [MESSAGE][PASSED] - Close app successfully

14-02-2024T13:44:23 - [TEST_STEP][PASSED] - Video: Video recording for test case 'Test Cases/Register/Register - Username Already Exist' .

14-02-2024T13:44:23 - [MESSAGE][INFO] - Video recording for test case 'Test Cases/Register/Register - Username Already Exist' .]]></system-out>
         <system-err><![CDATA[]]></system-err>
      </testcase>
      <system-out><![CDATA[14-02-2024T13:40:29 - [TEST_SUITE][PASSED] - Register: Test Cases/Register/Register - Username Already Exist]]></system-out>
      <system-err><![CDATA[]]></system-err>
   </testsuite>
</testsuites>
